<?xml version="1.0" encoding="UTF-8" ?>
<testsuite errors="0" failures="0" hostname="Ewan-PC" name="HelloWorldTest" skipped="0" tests="3" time="0.038" timestamp="2016-12-06T15:54:28">
  <properties>
    <property name="java.vendor" value="Oracle Corporation" />
    <property name="sun.java.launcher" value="SUN_STANDARD" />
    <property name="sonar.projectName" value="Simple Java Project analyzed with the SonarQube Ant Task" />
    <property name="sonar.java.binaries" value="build" />
    <property name="sun.management.compiler" value="HotSpot Client Compiler" />
    <property name="os.name" value="Windows 10" />
    <property name="sun.boot.class.path" value="C:\Program Files (x86)\Java\jdk1.8.0_112\jre\lib\resources.jar;C:\Program Files (x86)\Java\jdk1.8.0_112\jre\lib\rt.jar;C:\Program Files (x86)\Java\jdk1.8.0_112\jre\lib\sunrsasign.jar;C:\Program Files (x86)\Java\jdk1.8.0_112\jre\lib\jsse.jar;C:\Program Files (x86)\Java\jdk1.8.0_112\jre\lib\jce.jar;C:\Program Files (x86)\Java\jdk1.8.0_112\jre\lib\charsets.jar;C:\Program Files (x86)\Java\jdk1.8.0_112\jre\lib\jfr.jar;C:\Program Files (x86)\Java\jdk1.8.0_112\jre\classes" />
    <property name="sun.desktop" value="windows" />
    <property name="java.vm.specification.vendor" value="Oracle Corporation" />
    <property name="ant.home" value="C:\Program Files (x86)\Jenkins\tools\hudson.tasks.Ant_AntInstallation\Apache_Ant" />
    <property name="sonar.projectVersion" value="1.0" />
    <property name="jar.dir" value="build/jar" />
    <property name="java.runtime.version" value="1.8.0_112-b15" />
    <property name="user.name" value="EWAN-PC$" />
    <property name="ant.file.type.HelloWorld" value="file" />
    <property name="build.dir" value="build" />
    <property name="user.language" value="nl" />
    <property name="ant.file.HelloWorld" value="C:\Users\Ewan\Desktop\HelloWorldDemo\build\build.xml" />
    <property name="sun.boot.library.path" value="C:\Program Files (x86)\Java\jdk1.8.0_112\jre\bin" />
    <property name="reports.dir" value="reports" />
    <property name="ant.project.default-target" value="main" />
    <property name="ant.project.name" value="HelloWorld" />
    <property name="java.version" value="1.8.0_112" />
    <property name="user.timezone" value="" />
    <property name="sun.arch.data.model" value="32" />
    <property name="sonar.host.url" value="http://localhost:9000" />
    <property name="test.src.dir" value="src/test" />
    <property name="java.endorsed.dirs" value="C:\Program Files (x86)\Java\jdk1.8.0_112\jre\lib\endorsed" />
    <property name="sun.cpu.isalist" value="pentium_pro+mmx pentium_pro pentium+mmx pentium i486 i386 i86" />
    <property name="sun.jnu.encoding" value="Cp1252" />
    <property name="file.encoding.pkg" value="sun.io" />
    <property name="file.separator" value="\" />
    <property name="java.specification.name" value="Java Platform API Specification" />
    <property name="sonar.sources" value="src" />
    <property name="classes.dir" value="build/classes" />
    <property name="java.class.version" value="52.0" />
    <property name="user.country" value="NL" />
    <property name="java.home" value="C:\Program Files (x86)\Java\jdk1.8.0_112\jre" />
    <property name="java.vm.info" value="mixed mode, sharing" />
    <property name="main-class" value="HelloWorld" />
    <property name="ant.file" value="C:\Users\Ewan\Desktop\HelloWorldDemo\build\build.xml" />
    <property name="os.version" value="10.0" />
    <property name="path.separator" value=";" />
    <property name="java.vm.version" value="25.112-b15" />
    <property name="user.variant" value="" />
    <property name="ant.library.dir" value="C:\Program Files (x86)\Jenkins\tools\hudson.tasks.Ant_AntInstallation\Apache_Ant\lib" />
    <property name="java.awt.printerjob" value="sun.awt.windows.WPrinterJob" />
    <property name="sun.io.unicode.encoding" value="UnicodeLittle" />
    <property name="awt.toolkit" value="sun.awt.windows.WToolkit" />
    <property name="user.script" value="" />
    <property name="user.home" value="C:\WINDOWS\system32\config\systemprofile" />
    <property name="java.specification.vendor" value="Oracle Corporation" />
    <property name="java.library.path" value="C:\Program Files (x86)\Java\jdk1.8.0_112\jre\bin;C:\WINDOWS\Sun\Java\bin;C:\WINDOWS\system32;C:\WINDOWS;C:\Program Files (x86)\Java\jdk1.8.0_112/bin;C:\Program Files (x86)\Java\jdk1.8.0_112/bin;C:\ProgramData\Oracle\Java\javapath;C:\Program Files (x86)\Intel\iCLS Client\;C:\Program Files\Intel\iCLS Client\;C:\Windows\system32;C:\Windows;C:\Windows\System32\Wbem;C:\Windows\System32\WindowsPowerShell\v1.0\;C:\Program Files\Intel\Intel(R) Management Engine Components\DAL;C:\Program Files\Intel\Intel(R) Management Engine Components\IPT;C:\Program Files (x86)\Intel\Intel(R) Management Engine Components\DAL;C:\Program Files (x86)\Intel\Intel(R) Management Engine Components\IPT;C:\Program Files (x86)\NVIDIA Corporation\PhysX\Common;C:\WINDOWS\system32;C:\WINDOWS;C:\WINDOWS\System32\Wbem;C:\WINDOWS\System32\WindowsPowerShell\v1.0\;C:\Program Files (x86)\Skype\Phone\;C:\WINDOWS\system32\config\systemprofile\.dnx\bin;C:\Program Files\Microsoft DNX\Dnvm\;C:\Program Files\Microsoft SQL Server\130\Tools\Binn\;C:\Program Files (x86)\Windows Kits\10\Windows Performance Toolkit\;C:\Program Files (x86)\nodejs\;C:\Program Files (x86)\Microsoft SQL Server\Client SDK\ODBC\130\Tools\Binn\;C:\Program Files (x86)\Microsoft SQL Server\130\Tools\Binn\;C:\Program Files (x86)\Microsoft SQL Server\130\DTS\Binn\;C:\Program Files (x86)\Microsoft SQL Server\130\Tools\Binn\ManagementStudio\;C:\Program Files\Git\cmd;C:\Users\Ewan\Desktop\apache-ant-1.9.7\bin;C:\WINDOWS\system32\config\systemprofile\AppData\Local\Microsoft\WindowsApps;." />
    <property name="java.vendor.url" value="http://java.oracle.com/" />
    <property name="java.vm.vendor" value="Oracle Corporation" />
    <property name="java.runtime.name" value="Java(TM) SE Runtime Environment" />
    <property name="sun.java.command" value="org.apache.tools.ant.taskdefs.optional.junit.JUnitTestRunner HelloWorldTest skipNonTests=false filtertrace=true haltOnError=false haltOnFailure=false formatter=org.apache.tools.ant.taskdefs.optional.junit.SummaryJUnitResultFormatter showoutput=false outputtoformatters=true logfailedtests=true threadid=0 logtestlistenerevents=false formatter=org.apache.tools.ant.taskdefs.optional.junit.XMLJUnitResultFormatter,C:\Users\Ewan\Desktop\HelloWorldDemo\build\reports\TEST-HelloWorldTest.xml crashfile=C:\Users\Ewan\Desktop\HelloWorldDemo\build\junitvmwatcher544169086411645332.properties propsfile=C:\Users\Ewan\Desktop\HelloWorldDemo\build\junit6540394407536168924.properties" />
    <property name="java.class.path" value="C:\Users\Ewan\Desktop\HelloWorldDemo\build\lib\junit-4.12.jar;C:\Users\Ewan\Desktop\HelloWorldDemo\build\lib\hamcrest-core-1.3.jar;C:\Users\Ewan\Desktop\HelloWorldDemo\build\build\jar;C:\Users\Ewan\Desktop\HelloWorldDemo\build\build\classes;C:\Program Files (x86)\Jenkins\tools\hudson.tasks.Ant_AntInstallation\Apache_Ant\lib\ant-launcher.jar;C:\Program Files (x86)\Jenkins\tools\hudson.tasks.Ant_AntInstallation\Apache_Ant\lib\ant.jar;C:\Program Files (x86)\Jenkins\tools\hudson.tasks.Ant_AntInstallation\Apache_Ant\lib\ant-junit.jar;C:\Program Files (x86)\Jenkins\tools\hudson.tasks.Ant_AntInstallation\Apache_Ant\lib\ant-junit4.jar" />
    <property name="ant.version" value="Apache Ant(TM) version 1.9.7 compiled on April 9 2016" />
    <property name="java.vm.specification.name" value="Java Virtual Machine Specification" />
    <property name="ant.file.type" value="file" />
    <property name="java.vm.specification.version" value="1.8" />
    <property name="sun.cpu.endian" value="little" />
    <property name="sun.os.patch.level" value="" />
    <property name="java.io.tmpdir" value="C:\WINDOWS\TEMP\" />
    <property name="java.vendor.url.bug" value="http://bugreport.sun.com/bugreport/" />
    <property name="os.arch" value="x86" />
    <property name="java.awt.graphicsenv" value="sun.awt.Win32GraphicsEnvironment" />
    <property name="java.ext.dirs" value="C:\Program Files (x86)\Java\jdk1.8.0_112\jre\lib\ext;C:\WINDOWS\Sun\Java\lib\ext" />
    <property name="user.dir" value="C:\Users\Ewan\Desktop\HelloWorldDemo\build" />
    <property name="line.separator" value="&#xd;&#xa;" />
    <property name="java.vm.name" value="Java HotSpot(TM) Client VM" />
    <property name="basedir" value="C:\Users\Ewan\Desktop\HelloWorldDemo\build" />
    <property name="ant.java.version" value="1.8" />
    <property name="ant.core.lib" value="C:\Program Files (x86)\Jenkins\tools\hudson.tasks.Ant_AntInstallation\Apache_Ant\lib\ant.jar" />
    <property name="file.encoding" value="Cp1252" />
    <property name="sonar.java.libraries" value="lib/*.jar" />
    <property name="java.specification.version" value="1.8" />
    <property name="src.dir" value="src" />
    <property name="ant.project.invoked-targets" value="main" />
    <property name="sonar.projectKey" value="org.codehaus.sonar:example-java-ant" />
  </properties>
  <testcase classname="HelloWorldTest" name="testAdd1Plus1" time="0.001" />
  <testcase classname="HelloWorldTest" name="testAdd2Plus1" time="0.0" />
  <testcase classname="HelloWorldTest" name="testMultiply2by17" time="0.0" />
  <system-out><![CDATA[2
3
34
]]></system-out>
  <system-err><![CDATA[]]></system-err>
</testsuite>
